"D:/PersonalWork/Source/GameJam/RWSRA/RWSRA/Content/Geometry/SpaceKit/alien.uasset" 0
"D:/PersonalWork/Source/GameJam/RWSRA/RWSRA/Content/Geometry/SpaceKit/alienBone.uasset" 1
"D:/PersonalWork/Source/GameJam/RWSRA/RWSRA/Content/Geometry/SpaceKit/alienPlant.uasset" 2
"D:/PersonalWork/Source/GameJam/RWSRA/RWSRA/Content/Geometry/SpaceKit/_defaultMat.uasset" 3
"D:/PersonalWork/Source/GameJam/RWSRA/RWSRA/Content/Geometry/SpaceKit/glass.uasset" 4
"D:/PersonalWork/Source/GameJam/RWSRA/RWSRA/Content/Geometry/SpaceKit/console.uasset" 5
"D:/PersonalWork/Source/GameJam/RWSRA/RWSRA/Content/Geometry/SpaceKit/consoleCorner.uasset" 6
"D:/PersonalWork/Source/GameJam/RWSRA/RWSRA/Content/Geometry/SpaceKit/light.uasset" 7
"D:/PersonalWork/Source/GameJam/RWSRA/RWSRA/Content/Geometry/SpaceKit/net1.uasset" 8
"D:/PersonalWork/Source/GameJam/RWSRA/RWSRA/Content/Geometry/SpaceKit/net.uasset" 9
"D:/PersonalWork/Source/GameJam/RWSRA/RWSRA/Content/Geometry/SpaceKit/portal1.uasset" 10
"D:/PersonalWork/Source/GameJam/RWSRA/RWSRA/Content/Geometry/SpaceKit/rock.uasset" 11
"D:/PersonalWork/Source/GameJam/RWSRA/RWSRA/Content/Geometry/SpaceKit/rocks.uasset" 12
"D:/PersonalWork/Source/GameJam/RWSRA/RWSRA/Content/Geometry/SpaceKit/metal.uasset" 13
"D:/PersonalWork/Source/GameJam/RWSRA/RWSRA/Content/Geometry/SpaceKit/stairs.uasset" 14
"D:/PersonalWork/Source/GameJam/RWSRA/RWSRA/Content/Mannequin/Character/Mesh/UE4_Mannequin_Skeleton.uasset" 15
"D:/PersonalWork/Source/GameJam/RWSRA/RWSRA/Content/Mannequin/Animations/ThirdPersonJump_End.uasset" 16
"../../../Engine/Content/Functions/Engine_MaterialFunctions01/Opacity/CameraDepthFade.uasset" 17
"../../../Engine/Content/EngineMaterials/T_Default_Material_Grid_M.uasset" 18
"../../../Engine/Content/EngineMaterials/T_Default_Material_Grid_N.uasset" 19
"../../../Engine/Content/EngineMaterials/WorldGridMaterial.uasset" 20
"D:/PersonalWork/Source/GameJam/RWSRA/RWSRA/Content/Meshes/_defaultMat.uasset" 21
"D:/PersonalWork/Source/GameJam/RWSRA/RWSRA/Content/Meshes/consoleScreen.uasset" 22
"D:/PersonalWork/Source/GameJam/RWSRA/RWSRA/Content/Meshes/hammer_obj.uasset" 23
"D:/PersonalWork/Source/GameJam/RWSRA/RWSRA/Content/Meshes/CubeMaterial.uasset" 24
"D:/PersonalWork/Source/GameJam/RWSRA/RWSRA/Content/Meshes/TemplateFloor.uasset" 25
"D:/PersonalWork/Source/GameJam/RWSRA/RWSRA/Content/Particles/Fire/Fire_Mat.uasset" 26
"D:/PersonalWork/Source/GameJam/RWSRA/RWSRA/Content/Particles/Fire/Fire_Mat_Inst.uasset" 27
"D:/PersonalWork/Source/GameJam/RWSRA/RWSRA/Content/Particles/Fire/Fire_ParticleSystem.uasset" 28
"../../../Engine/Content/Tutorial/SubEditors/TutorialAssets/T_SmokeSubUV_8X8.uasset" 29
"../../../Engine/Content/Tutorial/SubEditors/TutorialAssets/T_soft_smoke.uasset" 30
"D:/PersonalWork/Source/GameJam/RWSRA/RWSRA/Content/Particles/RocketFlame/Materials/mat_rocket_flame.uasset" 31
"D:/PersonalWork/Source/GameJam/RWSRA/RWSRA/Content/Sounds/Rocket_Loop.uasset" 32
"D:/PersonalWork/Source/GameJam/RWSRA/RWSRA/Content/Sounds/Rocket_Loop_Cue.uasset" 33
"D:/PersonalWork/Source/GameJam/RWSRA/RWSRA/Content/TopDownBP/Blueprints/QuestSystem/QuestElements/InteractionInterface.uasset" 34
"D:/PersonalWork/Source/GameJam/RWSRA/RWSRA/Content/Meshes/1M_Cube_Chamfer.uasset" 35
"D:/PersonalWork/Source/GameJam/RWSRA/RWSRA/Content/TopDownBP/Blueprints/QuestSystem/QuestElements/Quest_Base.uasset" 36
"D:/PersonalWork/Source/GameJam/RWSRA/RWSRA/Content/TopDownBP/CustomCharacter/Character/Mesh/HeroTest_Aposition_0Frame_RunAnim_20_100_Idle_100_200_Skeleton1.uasset" 37
"D:/PersonalWork/Source/GameJam/RWSRA/RWSRA/Content/TopDownBP/CustomCharacter/Animations/Hero_Idle.uasset" 38
"D:/PersonalWork/Source/GameJam/RWSRA/RWSRA/Content/TopDownBP/CustomCharacter/Animations/Hero_Walk.uasset" 39
"D:/PersonalWork/Source/GameJam/RWSRA/RWSRA/Content/TopDownBP/CustomCharacter/Character/MyHero_Idle_Run.uasset" 40
"../../../Engine/Content/EditorBlueprintResources/StandardMacros.uasset" 41
"D:/PersonalWork/Source/GameJam/RWSRA/RWSRA/Content/TopDownBP/CustomCharacter/Character/MyHero_AnimBP.uasset" 42
"D:/PersonalWork/Source/GameJam/RWSRA/RWSRA/Content/TopDownBP/Blueprints/HolowPawn.uasset" 43
"D:/PersonalWork/Source/GameJam/RWSRA/RWSRA/Content/Particles/RocketFlame/VFX/pfx_rocket_flame.uasset" 44
"D:/PersonalWork/Source/GameJam/RWSRA/RWSRA/Content/Rocket/Materials/_defaultMat.uasset" 45
"D:/PersonalWork/Source/GameJam/RWSRA/RWSRA/Content/Rocket/Materials/black.uasset" 46
"D:/PersonalWork/Source/GameJam/RWSRA/RWSRA/Content/Rocket/Materials/engine.uasset" 47
"D:/PersonalWork/Source/GameJam/RWSRA/RWSRA/Content/Rocket/Materials/RocketOrange_Mat.uasset" 48
"D:/PersonalWork/Source/GameJam/RWSRA/RWSRA/Content/Rocket/Rocket.uasset" 49
"D:/PersonalWork/Source/GameJam/RWSRA/RWSRA/Content/Rocket/Materials/glass.uasset" 50
"D:/PersonalWork/Source/GameJam/RWSRA/RWSRA/Content/Rocket/Shuttle.uasset" 51
"D:/PersonalWork/Source/GameJam/RWSRA/RWSRA/Content/Rocket/SRBs.uasset" 52
"D:/PersonalWork/Source/GameJam/RWSRA/RWSRA/Content/Sounds/Rocket_Start.uasset" 53
"D:/PersonalWork/Source/GameJam/RWSRA/RWSRA/Content/Sounds/Rocket_Start_Cue.uasset" 54
"D:/PersonalWork/Source/GameJam/RWSRA/RWSRA/Content/TopDownBP/Blueprints/RocketSystemController.uasset" 55
"D:/PersonalWork/Source/GameJam/RWSRA/RWSRA/Content/UI_Graphics/Font/Righteous-Regular.uasset" 56
"D:/PersonalWork/Source/GameJam/RWSRA/RWSRA/Content/UI_Graphics/Font/Righteous-Regular_Font.uasset" 57
"D:/PersonalWork/Source/GameJam/RWSRA/RWSRA/Content/TopDownBP/Blueprints/QuestSystem/Objectives/EObjectiveType.uasset" 58
"D:/PersonalWork/Source/GameJam/RWSRA/RWSRA/Content/TopDownBP/Blueprints/QuestSystem/Objectives/ObjectiveData.uasset" 59
"D:/PersonalWork/Source/GameJam/RWSRA/RWSRA/Content/UI_Graphics/Textures/green_boxCheckmark.uasset" 60
"D:/PersonalWork/Source/GameJam/RWSRA/RWSRA/Content/UI_Graphics/Textures/grey_box.uasset" 61
"D:/PersonalWork/Source/GameJam/RWSRA/RWSRA/Content/TopDownBP/Blueprints/QuestSystem/QuestUI/SingleObjective_UI.uasset" 62
"D:/PersonalWork/Source/GameJam/RWSRA/RWSRA/Content/TopDownBP/Blueprints/QuestSystem/QuestUI/Objectives_UI.uasset" 63
"D:/PersonalWork/Source/GameJam/RWSRA/RWSRA/Content/TopDownBP/UI/HUD_UI.uasset" 64
"D:/PersonalWork/Source/GameJam/RWSRA/RWSRA/Content/Sounds/InteractableItem.uasset" 65
"D:/PersonalWork/Source/GameJam/RWSRA/RWSRA/Content/Sounds/InteractableItem_Cue.uasset" 66
"D:/PersonalWork/Source/GameJam/RWSRA/RWSRA/Content/Sounds/MapClick.uasset" 67
"D:/PersonalWork/Source/GameJam/RWSRA/RWSRA/Content/Sounds/MapClick_Cue.uasset" 68
"D:/PersonalWork/Source/GameJam/RWSRA/RWSRA/Content/TopDownBP/Blueprints/QuestSystem/Square.uasset" 69
"D:/PersonalWork/Source/GameJam/RWSRA/RWSRA/Content/TopDownBP/Blueprints/QuestSystem/Slate_Active.uasset" 70
"D:/PersonalWork/Source/GameJam/RWSRA/RWSRA/Content/TopDownBP/Blueprints/QuestSystem/Slate_InActive.uasset" 71
"D:/PersonalWork/Source/GameJam/RWSRA/RWSRA/Content/TopDownBP/Blueprints/QuestSystem/QuestUI/QuestLogEntry_UI.uasset" 72
"D:/PersonalWork/Source/GameJam/RWSRA/RWSRA/Content/TopDownBP/Blueprints/QuestSystem/QuestUI/QuestLog_UI.uasset" 73
"D:/PersonalWork/Source/GameJam/RWSRA/RWSRA/Content/TopDownBP/Blueprints/QuestSystem/QuestUI/QuestObjectiveItem_UI.uasset" 74
"D:/PersonalWork/Source/GameJam/RWSRA/RWSRA/Content/TopDownBP/Blueprints/QuestSystem/QuestUI/QuestUI.uasset" 75
"D:/PersonalWork/Source/GameJam/RWSRA/RWSRA/Content/TopDownBP/Blueprints/TopDownController.uasset" 76
"D:/PersonalWork/Source/GameJam/RWSRA/RWSRA/Content/Sounds/Superboy.uasset" 77
"D:/PersonalWork/Source/GameJam/RWSRA/RWSRA/Content/Sounds/Superboy_Cue.uasset" 78
"D:/PersonalWork/Source/GameJam/RWSRA/RWSRA/Content/TopDownBP/Blueprints/TopDownGameMode.uasset" 79
"D:/PersonalWork/Source/GameJam/RWSRA/RWSRA/Content/TopDownBP/Blueprints/QuestSystem/QuestLog.uasset" 80
"D:/PersonalWork/Source/GameJam/RWSRA/RWSRA/Content/Mannequin/Animations/ThirdPerson_Jump.uasset" 81
"D:/PersonalWork/Source/GameJam/RWSRA/RWSRA/Content/Mannequin/Animations/ThirdPersonJump_Loop.uasset" 82
"D:/PersonalWork/Source/GameJam/RWSRA/RWSRA/Content/Mannequin/Animations/ThirdPersonJump_Start.uasset" 83
"D:/PersonalWork/Source/GameJam/RWSRA/RWSRA/Content/Mannequin/Animations/ThirdPersonIdle.uasset" 84
"D:/PersonalWork/Source/GameJam/RWSRA/RWSRA/Content/Mannequin/Animations/ThirdPersonRun.uasset" 85
"D:/PersonalWork/Source/GameJam/RWSRA/RWSRA/Content/Mannequin/Animations/ThirdPersonWalk.uasset" 86
"D:/PersonalWork/Source/GameJam/RWSRA/RWSRA/Content/Mannequin/Animations/ThirdPerson_IdleRun_2D.uasset" 87
"D:/PersonalWork/Source/GameJam/RWSRA/RWSRA/Content/Mannequin/Animations/ThirdPerson_AnimBP.uasset" 88
"../../../Engine/Content/Functions/Engine_MaterialFunctions01/Density/ExponentialDensity.uasset" 89
"../../../Engine/Content/Functions/Engine_MaterialFunctions01/Gradient/RadialGradientExponential.uasset" 90
"D:/PersonalWork/Source/GameJam/RWSRA/RWSRA/Content/TopDownBP/Blueprints/M_Cursor_Decal.uasset" 91
"../../../Engine/Content/Functions/Engine_MaterialFunctions02/Utility/BlendAngleCorrectedNormals.uasset" 92
"../../../Engine/Content/Functions/MaterialLayerFunctions/MatLayerBlend_NormalBlend.uasset" 93
"../../../Engine/Content/Functions/MaterialLayerFunctions/MatLayerBlend_Simple.uasset" 94
"D:/PersonalWork/Source/GameJam/RWSRA/RWSRA/Content/Mannequin/Character/Materials/MaterialLayers/T_ML_Rubber_Blue_01_D.uasset" 95
"D:/PersonalWork/Source/GameJam/RWSRA/RWSRA/Content/Mannequin/Character/Materials/MaterialLayers/T_ML_Rubber_Blue_01_N.uasset" 96
"D:/PersonalWork/Source/GameJam/RWSRA/RWSRA/Content/Mannequin/Character/Materials/MaterialLayers/ML_GlossyBlack_Latex_UE4.uasset" 97
"D:/PersonalWork/Source/GameJam/RWSRA/RWSRA/Content/Mannequin/Character/Materials/MaterialLayers/ML_Plastic_Shiny_Beige.uasset" 98
"D:/PersonalWork/Source/GameJam/RWSRA/RWSRA/Content/Mannequin/Character/Textures/UE4_LOGO_CARD.uasset" 99
"D:/PersonalWork/Source/GameJam/RWSRA/RWSRA/Content/Mannequin/Character/Materials/MaterialLayers/ML_Plastic_Shiny_Beige_LOGO.uasset" 100
"D:/PersonalWork/Source/GameJam/RWSRA/RWSRA/Content/Mannequin/Character/Materials/MaterialLayers/T_ML_Aluminum01.uasset" 101
"D:/PersonalWork/Source/GameJam/RWSRA/RWSRA/Content/Mannequin/Character/Materials/MaterialLayers/T_ML_Aluminum01_N.uasset" 102
"D:/PersonalWork/Source/GameJam/RWSRA/RWSRA/Content/Mannequin/Character/Materials/MaterialLayers/ML_SoftMetal_UE4.uasset" 103
"D:/PersonalWork/Source/GameJam/RWSRA/RWSRA/Content/Mannequin/Character/Textures/UE4_Mannequin__normals.uasset" 104
"D:/PersonalWork/Source/GameJam/RWSRA/RWSRA/Content/Mannequin/Character/Textures/UE4_Mannequin_MAT_MASKA.uasset" 105
"D:/PersonalWork/Source/GameJam/RWSRA/RWSRA/Content/Mannequin/Character/Materials/M_UE4Man_Body.uasset" 106
"D:/PersonalWork/Source/GameJam/RWSRA/RWSRA/Content/Mannequin/Character/Textures/UE4Man_Logo_N.uasset" 107
"D:/PersonalWork/Source/GameJam/RWSRA/RWSRA/Content/Mannequin/Character/Materials/M_UE4Man_ChestLogo.uasset" 108
"D:/PersonalWork/Source/GameJam/RWSRA/RWSRA/Content/Mannequin/Character/Mesh/SK_Mannequin_PhysicsAsset.uasset" 109
"D:/PersonalWork/Source/GameJam/RWSRA/RWSRA/Content/Mannequin/Character/Mesh/SK_Mannequin.uasset" 110
"D:/PersonalWork/Source/GameJam/RWSRA/RWSRA/Content/TopDownBP/Blueprints/TopDownCharacter.uasset" 111
"D:/PersonalWork/Source/GameJam/RWSRA/RWSRA/Content/TopDownBP/Blueprints/InteractableElements/LocationMarker.uasset" 112
"D:/PersonalWork/Source/GameJam/RWSRA/RWSRA/Content/Sounds/QuestComplete.uasset" 113
"D:/PersonalWork/Source/GameJam/RWSRA/RWSRA/Content/Sounds/QuestComplete_Cue.uasset" 114
"D:/PersonalWork/Source/GameJam/RWSRA/RWSRA/Content/TopDownBP/Blueprints/QuestSystem/Quests/ERewardType.uasset" 115
"D:/PersonalWork/Source/GameJam/RWSRA/RWSRA/Content/TopDownBP/Blueprints/QuestSystem/Quests/Quest.uasset" 116
"D:/PersonalWork/Source/GameJam/RWSRA/RWSRA/Content/TopDownBP/Blueprints/QuestSystem/QuestMacros.uasset" 117
"D:/PersonalWork/Source/GameJam/RWSRA/RWSRA/Content/TopDownBP/CustomCharacter/Character/Mesh/skin_adventurer.uasset" 118
"D:/PersonalWork/Source/GameJam/RWSRA/RWSRA/Content/TopDownBP/CustomCharacter/Character/Materials/M_HeroMaterial.uasset" 119
"D:/PersonalWork/Source/GameJam/RWSRA/RWSRA/Content/TopDownBP/CustomCharacter/Character/Mesh/BackPack.uasset" 120
"D:/PersonalWork/Source/GameJam/RWSRA/RWSRA/Content/TopDownBP/CustomCharacter/Character/Mesh/HeroTest_Aposition_0Frame_RunAnim_20_100_Idle_100_200.uasset" 121
"D:/PersonalWork/Source/GameJam/RWSRA/RWSRA/Content/TopDownBP/CustomCharacter/Character/TopDownCharacter_MyHero.uasset" 122
"D:/PersonalWork/Source/GameJam/RWSRA/RWSRA/Content/TopDownBP/CustomCharacter/Character/Materials/M_BackPack.uasset" 123
"D:/PersonalWork/Source/GameJam/RWSRA/RWSRA/Content/TopDownBP/CustomCharacter/Character/Mesh/HeroTest_Aposition_0Frame_RunAnim_20_100_Idle_100_200_PhysicsAsset.uasset" 124
"D:/PersonalWork/Source/GameJam/RWSRA/RWSRA/Content/TopDownBP/CustomCharacter/Character/Textures/skin_adventurer.uasset" 125
"D:/PersonalWork/Source/GameJam/RWSRA/RWSRA/Content/TopDownBP/FinalCutscene/RocketSystem.uasset" 126
"D:/PersonalWork/Source/GameJam/RWSRA/RWSRA/Content/TopDownBP/FinalCutscene/FinalCutsceneSequence.uasset" 127
"D:/PersonalWork/Source/GameJam/RWSRA/RWSRA/Content/TopDownBP/Maps/MainLevelEndSequence.uasset" 128
"D:/PersonalWork/Source/GameJam/RWSRA/RWSRA/Content/UI_Graphics/Textures/cursor_hand.uasset" 129
"D:/PersonalWork/Source/GameJam/RWSRA/RWSRA/Content/TopDownBP/UI/CustomMouseCursor_Hand.uasset" 130
"D:/PersonalWork/Source/GameJam/RWSRA/RWSRA/Content/UI_Graphics/Textures/cursor_pointerFlat_shadow.uasset" 131
"D:/PersonalWork/Source/GameJam/RWSRA/RWSRA/Content/TopDownBP/UI/CustomMouseCursor_Pointer.uasset" 132
"D:/PersonalWork/Source/GameJam/RWSRA/RWSRA/Content/UI_Graphics/Font/Megrim.uasset" 133
"D:/PersonalWork/Source/GameJam/RWSRA/RWSRA/Content/UI_Graphics/Font/Megrim_Font.uasset" 134
"D:/PersonalWork/Source/GameJam/RWSRA/RWSRA/Content/UI_Graphics/Textures/glassPanel.uasset" 135
"D:/PersonalWork/Source/GameJam/RWSRA/RWSRA/Content/UI_Graphics/Textures/glassPanel_cornerBL.uasset" 136
"D:/PersonalWork/Source/GameJam/RWSRA/RWSRA/Content/UI_Graphics/Textures/glassPanel_cornerBR.uasset" 137
"D:/PersonalWork/Source/GameJam/RWSRA/RWSRA/Content/UI_Graphics/Textures/glassPanel_corners.uasset" 138
"D:/PersonalWork/Source/GameJam/RWSRA/RWSRA/Content/UI_Graphics/Textures/glassPanel_cornerTL.uasset" 139
"D:/PersonalWork/Source/GameJam/RWSRA/RWSRA/Content/UI_Graphics/Textures/glassPanel_projection.uasset" 140
"D:/PersonalWork/Source/GameJam/RWSRA/RWSRA/Content/UI_Graphics/Textures/glassPanel_tab.uasset" 141
"D:/PersonalWork/Source/GameJam/RWSRA/RWSRA/Content/UI_Graphics/Textures/metalPanel.uasset" 142
"D:/PersonalWork/Source/GameJam/RWSRA/RWSRA/Content/UI_Graphics/Textures/metalPanel_blue.uasset" 143
"D:/PersonalWork/Source/GameJam/RWSRA/RWSRA/Content/UI_Graphics/Textures/metalPanel_blueCorner.uasset" 144
"D:/PersonalWork/Source/GameJam/RWSRA/RWSRA/Content/UI_Graphics/Textures/metalPanel_green.uasset" 145
"D:/PersonalWork/Source/GameJam/RWSRA/RWSRA/Content/UI_Graphics/Textures/metalPanel_greenCorner.uasset" 146
"D:/PersonalWork/Source/GameJam/RWSRA/RWSRA/Content/UI_Graphics/Textures/metalPanel_plate.uasset" 147
"D:/PersonalWork/Source/GameJam/RWSRA/RWSRA/Content/UI_Graphics/Textures/metalPanel_red.uasset" 148
"D:/PersonalWork/Source/GameJam/RWSRA/RWSRA/Content/UI_Graphics/Textures/metalPanel_redCorner.uasset" 149
"D:/PersonalWork/Source/GameJam/RWSRA/RWSRA/Content/UI_Graphics/Textures/metalPanel_yellow.uasset" 150
"D:/PersonalWork/Source/GameJam/RWSRA/RWSRA/Content/UI_Graphics/Textures/metalPanel_yellowCorner.uasset" 151
"D:/PersonalWork/Source/GameJam/RWSRA/RWSRA/Content/UI_Graphics/Textures/squareBlue.uasset" 152
"D:/PersonalWork/Source/GameJam/RWSRA/RWSRA/Content/UI_Graphics/Textures/squareGreen.uasset" 153
"D:/PersonalWork/Source/GameJam/RWSRA/RWSRA/Content/UI_Graphics/Textures/squareRed.uasset" 154
"D:/PersonalWork/Source/GameJam/RWSRA/RWSRA/Content/UI_Graphics/Textures/squareWhite.uasset" 155
"D:/PersonalWork/Source/GameJam/RWSRA/RWSRA/Content/UI_Graphics/Textures/squareYellow.uasset" 156
"D:/PersonalWork/Source/GameJam/RWSRA/RWSRA/Content/UI_Graphics/Textures/square_shadow.uasset" 157
"../../../Engine/Content/ArtTools/RenderToTexture/Meshes/S_1_Unit_Plane.uasset" 158
"../../../Engine/Content/EngineMaterials/DefaultMaterial.uasset" 159
"../../../Engine/Content/BasicShapes/Cone.uasset" 160
"../../../Engine/Content/BasicShapes/Cube.uasset" 161
"../../../Engine/Content/BasicShapes/Plane.uasset" 162
"../../../Engine/Content/EditorLandscapeResources/DataLayer.uasset" 163
"../../../Engine/Content/EditorMaterials/GizmoMaterial.uasset" 164
"../../../Engine/Content/EditorMaterials/MAT_Groups_Toggle.uasset" 165
"../../../Engine/Content/EditorMaterials/MAT_Groups_Visibility.uasset" 166
"../../../Engine/Content/EditorMaterials/PreviewShadowIndicator.uasset" 167
"../../../Engine/Content/EditorMaterials/PreviewShadowIndicatorMaterial.uasset" 168
"../../../Engine/Content/EditorMaterials/MatineeGroups/MAT_ColorTrack.uasset" 169
"../../../Engine/Content/EditorMaterials/MatineeGroups/MAT_Groups_Anim.uasset" 170
"../../../Engine/Content/EditorMaterials/MatineeGroups/MAT_Groups_AudioMaster.uasset" 171
"../../../Engine/Content/EditorMaterials/MatineeGroups/MAT_Groups_Director.uasset" 172
"../../../Engine/Content/EditorMaterials/MatineeGroups/MAT_Groups_Event.uasset" 173
"../../../Engine/Content/EditorMaterials/MatineeGroups/MAT_Groups_Fade.uasset" 174
"../../../Engine/Content/EditorMaterials/MatineeGroups/MAT_Groups_Float.uasset" 175
"../../../Engine/Content/EditorMaterials/MatineeGroups/MAT_Groups_Move.uasset" 176
"../../../Engine/Content/EditorMaterials/MatineeGroups/MAT_Groups_Slomo.uasset" 177
"../../../Engine/Content/EditorMaterials/MatineeGroups/MAT_Groups_Sound.uasset" 178
"../../../Engine/Content/EditorMaterials/MatineeGroups/MAT_Groups_Vector.uasset" 179
"../../../Engine/Content/EditorMaterials/ParticleSystems/PSysThumbnail_NoImage.uasset" 180
"../../../Engine/Content/EditorMaterials/ParticleSystems/PSysThumbnail_OOD.uasset" 181
"../../../Engine/Content/EditorMaterials/Camera/CineMat.uasset" 182
"../../../Engine/Content/EditorMaterials/Camera/MI_CineMat_Rig.uasset" 183
"../../../Engine/Content/EditorMeshes/Camera/SM_CraneRig_Arm.uasset" 184
"../../../Engine/Content/EditorMeshes/Camera/SM_CraneRig_Base.uasset" 185
"../../../Engine/Content/EditorMeshes/Camera/SM_CraneRig_Body.uasset" 186
"../../../Engine/Content/EditorMeshes/Camera/SM_CraneRig_Mount.uasset" 187
"../../../Engine/Content/EditorMeshes/Camera/SM_RailRig_Mount.uasset" 188
"../../../Engine/Content/EditorMeshes/Camera/SM_RailRig_Track.uasset" 189
"../../../Engine/Content/EditorResources/BSPVertex.uasset" 190
"../../../Engine/Content/EditorResources/EmptyActor.uasset" 191
"../../../Engine/Content/EditorResources/S_Actor.uasset" 192
"../../../Engine/Content/EditorResources/S_Trigger.uasset" 193
"../../../Engine/Content/EditorResources/LightIcons/S_LightError.uasset" 194
"../../../Engine/Content/EditorResources/SequenceRecorder/Countdown.uasset" 195
"../../../Engine/Content/EditorResources/SequenceRecorder/RecordingIndicator.uasset" 196
"../../../Engine/Content/EditorSounds/Notifications/CompileFailed.uasset" 197
"../../../Engine/Content/EditorSounds/Notifications/CompileFailed_Cue.uasset" 198
"../../../Engine/Content/EditorSounds/Notifications/CompileSuccess.uasset" 199
"../../../Engine/Content/EditorSounds/Notifications/CompileStart_Cue.uasset" 200
"../../../Engine/Content/EditorSounds/Notifications/CompileSuccess_Cue.uasset" 201
"../../../Engine/Content/EngineDamageTypes/DmgTypeBP_Environmental.uasset" 202
"../../../Engine/Content/EngineDebugMaterials/HeatmapGradient.uasset" 203
"../../../Engine/Content/EngineDebugMaterials/BoneWeightMaterial.uasset" 204
"../../../Engine/Content/EngineDebugMaterials/ClothMaterial.uasset" 205
"../../../Engine/Content/EngineDebugMaterials/ClothMaterial_WF.uasset" 206
"../../../Engine/Content/EngineDebugMaterials/DebugEditorMaterial.uasset" 207
"../../../Engine/Content/EngineDebugMaterials/DebugMeshMaterial.uasset" 208
"../../../Engine/Content/EngineDebugMaterials/GeomMaterial.uasset" 209
"../../../Engine/Content/EngineDebugMaterials/M_SimpleTranslucent.uasset" 210
"../../../Engine/Content/EngineFonts/Faces/RobotoBold.uasset" 211
"../../../Engine/Content/EngineFonts/Faces/RobotoBoldItalic.uasset" 212
"../../../Engine/Content/EngineFonts/Faces/RobotoItalic.uasset" 213
"../../../Engine/Content/EngineFonts/Faces/RobotoLight.uasset" 214
"../../../Engine/Content/EngineFonts/Faces/RobotoRegular.uasset" 215
"../../../Engine/Content/EngineFonts/Roboto.uasset" 216
"../../../Engine/Content/EngineFonts/Faces/RobotoTiny.uasset" 217
"../../../Engine/Content/EngineFonts/RobotoTiny.uasset" 218
"../../../Engine/Content/EngineMaterials/BaseFlattenDiffuseMap.uasset" 219
"../../../Engine/Content/EngineMaterials/BaseFlattenEmissiveMap.uasset" 220
"../../../Engine/Content/EngineMaterials/BaseFlattenGrayscaleMap.uasset" 221
"../../../Engine/Content/EngineMaterials/BaseFlattenNormalMap.uasset" 222
"../../../Engine/Content/EngineMaterials/BaseFlattenMaterial.uasset" 223
"../../../Engine/Content/EngineMaterials/DefaultBloomKernel.uasset" 224
"../../../Engine/Content/EngineMaterials/DefaultBokeh.uasset" 225
"../../../Engine/Content/EngineMaterials/DefaultDiffuse.uasset" 226
"../../../Engine/Content/EngineMaterials/DefaultDeferredDecalMaterial.uasset" 227
"../../../Engine/Content/EngineMaterials/DefaultLightFunctionMaterial.uasset" 228
"../../../Engine/Content/Functions/Engine_MaterialFunctions02/Utility/BreakOutFloat2Components.uasset" 229
"../../../Engine/Content/EngineMaterials/DefaultPostProcessMaterial.uasset" 230
"../../../Engine/Content/EngineFonts/RobotoDistanceField.uasset" 231
"../../../Engine/Content/EngineMaterials/DefaultTextMaterialOpaque.uasset" 232
"../../../Engine/Content/EngineMaterials/DefaultWhiteGrid.uasset" 233
"../../../Engine/Content/EngineMaterials/EditorBrushMaterial.uasset" 234
"../../../Engine/Content/EngineMaterials/Good64x64TilingNoiseHighFreq.uasset" 235
"../../../Engine/Content/EngineMaterials/MiniFont.uasset" 236
"../../../Engine/Content/EngineMaterials/InvalidLightmapSettings.uasset" 237
"../../../Engine/Content/EngineMaterials/M_InvalidLightmapSettings.uasset" 238
"../../../Engine/Content/Functions/Engine_MaterialFunctions02/WorldPositionOffset/CameraOffset.uasset" 239
"../../../Engine/Content/EngineMaterials/PhAT_JointLimitMaterial.uasset" 240
"../../../Engine/Content/EngineMaterials/PreintegratedSkinBRDF.uasset" 241
"../../../Engine/Content/EngineMaterials/RemoveSurfaceMaterial.uasset" 242
"../../../Engine/Content/EngineMaterials/WeightMapPlaceholderTexture.uasset" 243
"../../../Engine/Content/EngineResources/WhiteSquareTexture.uasset" 244
"../../../Engine/Content/EngineMaterials/Widget3DPassThrough.uasset" 245
"../../../Engine/Content/EngineMaterials/Widget3DPassThrough_Masked.uasset" 246
"../../../Engine/Content/EngineMaterials/Widget3DPassThrough_Opaque.uasset" 247
"../../../Engine/Content/EngineMaterials/Widget3DPassThrough_Masked_OneSided.uasset" 248
"../../../Engine/Content/EngineMaterials/Widget3DPassThrough_Opaque_OneSided.uasset" 249
"../../../Engine/Content/EngineMaterials/Widget3DPassThrough_Translucent.uasset" 250
"../../../Engine/Content/EngineMaterials/Widget3DPassThrough_Translucent_OneSided.uasset" 251
"../../../Engine/Content/EngineMeshes/Cylinder.uasset" 252
"../../../Engine/Content/EngineMeshes/Sphere.uasset" 253
"../../../Engine/Content/EngineResources/Black.uasset" 254
"../../../Engine/Content/EngineResources/DefaultTexture.uasset" 255
"../../../Engine/Content/EngineResources/DefaultTextureCube.uasset" 256
"../../../Engine/Content/EngineResources/DefaultVolumeTexture2D.uasset" 257
"../../../Engine/Content/EngineResources/DefaultVolumeTexture.uasset" 258
"../../../Engine/Content/EngineResources/GradientTexture0.uasset" 259
"../../../Engine/Content/EngineSounds/Master.uasset" 260
"../../../Engine/Content/Functions/Engine_MaterialFunctions01/Shading/ConvertFromDiffSpec.uasset" 261
"../../../Engine/Content/Functions/Engine_MaterialFunctions01/Shading/PowerToRoughness.uasset" 262
"../../../Engine/Content/Maps/Templates/Thumbnails/Default.uasset" 263
"../../../Engine/Content/Maps/Templates/Thumbnails/VR-Basic.uasset" 264
"../../../Engine/Content/MobileResources/T_MobileControls_texture.uasset" 265
"../../../Engine/Content/MobileResources/T_MobileMenu2.uasset" 266
"../../../Engine/Content/MobileResources/HUD/AnalogHat.uasset" 267
"../../../Engine/Content/MobileResources/HUD/VirtualJoystick_Background.uasset" 268
"../../../Engine/Content/MobileResources/HUD/VirtualJoystick_Thumb.uasset" 269
"../../../Engine/Content/MobileResources/HUD/DefaultVirtualJoysticks.uasset" 270
"../../../Engine/Content/MobileResources/HUD/LeftVirtualJoystickOnly.uasset" 271
"../../../Engine/Content/MobileResources/HUD/MobileHUDButton1_off.uasset" 272
"../../../Engine/Content/MobileResources/HUD/MobileHUDButton1_on.uasset" 273
"../../../Engine/Content/MobileResources/HUD/MobileHUDButton2_off.uasset" 274
"../../../Engine/Content/MobileResources/HUD/MobileHUDButton2_on.uasset" 275
"../../../Engine/Content/MobileResources/HUD/MobileHUDButton3.uasset" 276
"../../../Engine/Content/MobileResources/HUD/MobileHUDButtonFire.uasset" 277
"../../../Engine/Content/MobileResources/HUD/MobileHUDDirectionPad.uasset" 278
"../../../Engine/Content/MobileResources/HUD/MobileHUDDirectionPad2.uasset" 279
"../../../Engine/Content/MobileResources/HUD/MobileHUDDirectionPad3.uasset" 280
"../../../Engine/Content/MobileResources/HUD/MobileHUDDirectionStick.uasset" 281
"../../../Engine/Content/MobileResources/HUD/T_Castle_ThumbstickInner.uasset" 282
"../../../Engine/Content/MobileResources/HUD/T_Castle_ThumbstickOutter.uasset" 283
"../../../Engine/Content/Tutorial/ContentIntroCurve.uasset" 284
"../../../Engine/Content/Tutorial/Basics/TutorialAssets/icon_tab_Levels_40x.uasset" 285
"../../../Engine/Content/Tutorial/BlueprintTutorials/TutorialAssets/Blueprint_64x.uasset" 286
"../../../Engine/Content/VREditor/LaserPointer/VR_LaserPower_01.uasset" 287
"../../../Engine/Content/VREditor/TransformGizmo/TransformGizmoMaterial.uasset" 288
"../../../Engine/Content/VREditor/TransformGizmo/TranslucentTransformGizmoMaterial.uasset" 289
"../../../Engine/Content/VREditor/TransformGizmo/BoundingBoxCorner.uasset" 290
"../../../Engine/Content/VREditor/TransformGizmo/BoundingBoxEdge.uasset" 291
"../../../Engine/Content/VREditor/TransformGizmo/PlaneTranslationHandle.uasset" 292
"../../../Engine/Content/VREditor/TransformGizmo/Main.uasset" 293
"../../../Engine/Content/VREditor/TransformGizmo/Xray.uasset" 294
"../../../Engine/Content/VREditor/TransformGizmo/SM_Sequencer_Key.uasset" 295
"../../../Engine/Content/VREditor/TransformGizmo/SM_Sequencer_Node.uasset" 296
"../../Plugins/2D/Paper2D/Content/PlaceholderTextures/DummySpriteTexture.uasset" 297
"../../Plugins/2D/Paper2D/Content/DummySprite.uasset" 298
"../../Plugins/2D/Paper2D/Content/DefaultPaperTerrainMaterial.uasset" 299
"../../Plugins/2D/Paper2D/Content/DefaultSpriteMaterial.uasset" 300
"../../Plugins/2D/Paper2D/Content/MaskedUnlitSpriteMaterial.uasset" 301
"../../Plugins/2D/Paper2D/Content/OpaqueUnlitSpriteMaterial.uasset" 302
"../../Plugins/Runtime/Oculus/OculusVR/Content/Materials/PokeAHoleMaterial.uasset" 303
"../../Plugins/Runtime/Oculus/OculusVR/Content/Textures/GearVRController_AO.uasset" 304
"../../Plugins/Runtime/Oculus/OculusVR/Content/Textures/GearVRController_Color.uasset" 305
"../../Plugins/Runtime/Oculus/OculusVR/Content/Textures/GearVRController_Normal.uasset" 306
"../../Plugins/Runtime/Oculus/OculusVR/Content/Materials/GearVRControllerMaterial.uasset" 307
"../../Plugins/Runtime/Oculus/OculusVR/Content/Meshes/GearVrController.uasset" 308
"../../Plugins/Runtime/Oculus/OculusVR/Content/Textures/touchController_albedo.uasset" 309
"../../Plugins/Runtime/Oculus/OculusVR/Content/Textures/touchController_controlmap.uasset" 310
"../../Plugins/Runtime/Oculus/OculusVR/Content/Materials/touchController_mat.uasset" 311
"../../Plugins/Runtime/Oculus/OculusVR/Content/Meshes/LeftTouchController.uasset" 312
"../../Plugins/Runtime/Oculus/OculusVR/Content/Meshes/RiftHMD.uasset" 313
"../../Plugins/Runtime/Oculus/OculusVR/Content/Meshes/RightTouchController.uasset" 314
"D:/PersonalWork/Source/GameJam/RWSRA/RWSRA/Content/TopDownBP/FinalCutscene/Textures/2k_moon.uasset" 315
"D:/PersonalWork/Source/GameJam/RWSRA/RWSRA/Content/TopDownBP/FinalCutscene/Textures/MoonMat.uasset" 316
"../../../Engine/Content/BasicShapes/Sphere.uasset" 317
"D:/PersonalWork/Source/GameJam/RWSRA/RWSRA/Content/TopDownBP/FinalCutscene/Moon.uasset" 318
"D:/PersonalWork/Source/GameJam/RWSRA/RWSRA/Content/TopDownBP/FinalCutscene/Skybox/SkyboxParams.uasset" 319
"../../../Engine/Content/EngineSky/T_Sky_Blue.uasset" 320
"../../../Engine/Content/EngineSky/T_Sky_Clouds_M.uasset" 321
"../../../Engine/Content/EngineSky/T_Sky_Stars.uasset" 322
"../../../Engine/Content/EngineSky/M_Sky_Panning_Clouds2.uasset" 323
"../../../Engine/Content/EngineSky/SM_SkySphere.uasset" 324
"D:/PersonalWork/Source/GameJam/RWSRA/RWSRA/Content/TopDownBP/FinalCutscene/Skybox/SpaceSkybox_BP.uasset" 325
"D:/PersonalWork/Source/GameJam/RWSRA/RWSRA/Content/TopDownBP/FinalCutscene/Textures/Map_of_the_full_sun.uasset" 326
"D:/PersonalWork/Source/GameJam/RWSRA/RWSRA/Content/TopDownBP/FinalCutscene/Textures/SunMat.uasset" 327
"D:/PersonalWork/Source/GameJam/RWSRA/RWSRA/Content/TopDownBP/FinalCutscene/Sun.uasset" 328
"D:/PersonalWork/Source/GameJam/RWSRA/RWSRA/Content/UI_Graphics/Font/Righteous-Regular_Font_Render.uasset" 329
"../../../Engine/Content/Functions/Engine_MaterialFunctions02/3PointLevels.uasset" 330
"D:/PersonalWork/Source/GameJam/RWSRA/RWSRA/Content/TopDownBP/FinalCutscene/Skybox/purpleNebula_02.uasset" 331
"D:/PersonalWork/Source/GameJam/RWSRA/RWSRA/Content/TopDownBP/FinalCutscene/Skybox/SpaceMat.uasset" 332
"D:/PersonalWork/Source/GameJam/RWSRA/RWSRA/Content/TopDownBP/FinalCutscene/Textures/Flat_earth.uasset" 333
"D:/PersonalWork/Source/GameJam/RWSRA/RWSRA/Content/TopDownBP/FinalCutscene/Textures/SimpleTextureMat.uasset" 334
"D:/PersonalWork/Source/GameJam/RWSRA/RWSRA/Content/UI_Graphics/DefaultTextMaterialOpaque1.uasset" 335
"../../../Engine/Content/BasicShapes/Cylinder.uasset" 336
"D:/PersonalWork/Source/GameJam/RWSRA/RWSRA/Content/TopDownBP/Maps/FinalLevel.umap" 337
"D:/PersonalWork/Source/GameJam/RWSRA/RWSRA/Content/Meshes/1M_Cube.uasset" 338
"D:/PersonalWork/Source/GameJam/RWSRA/RWSRA/Content/TopDownBP/Blueprints/QuestSystem/QuestElements/Intractable_Base.uasset" 339
"D:/PersonalWork/Source/GameJam/RWSRA/RWSRA/Content/Geometry/SpaceKit/portal2.uasset" 340
"D:/PersonalWork/Source/GameJam/RWSRA/RWSRA/Content/Geometry/SpaceKit/consoleScreen.uasset" 341
"D:/PersonalWork/Source/GameJam/RWSRA/RWSRA/Content/TopDownBP/Blueprints/InteractableElements/Intractable_Inst_Console.uasset" 342
"D:/PersonalWork/Source/GameJam/RWSRA/RWSRA/Content/Meshes/ribbon.uasset" 343
"D:/PersonalWork/Source/GameJam/RWSRA/RWSRA/Content/Meshes/presentRound.uasset" 344
"D:/PersonalWork/Source/GameJam/RWSRA/RWSRA/Content/TopDownBP/Blueprints/InteractableElements/Intractable_Inst_Crate.uasset" 345
"D:/PersonalWork/Source/GameJam/RWSRA/RWSRA/Content/TopDownBP/Blueprints/InteractableElements/QuestConsole.uasset" 346
"D:/PersonalWork/Source/GameJam/RWSRA/RWSRA/Content/TopDownBP/Blueprints/QuestSystem/Quests/01_Quest_SRBs.uasset" 347
"D:/PersonalWork/Source/GameJam/RWSRA/RWSRA/Content/TopDownBP/Blueprints/QuestSystem/Quests/02_Quest_RocketTank.uasset" 348
"D:/PersonalWork/Source/GameJam/RWSRA/RWSRA/Content/TopDownBP/Blueprints/QuestSystem/Quests/03_Quest_Shuttle.uasset" 349
"D:/PersonalWork/Source/GameJam/RWSRA/RWSRA/Content/TopDownBP/Blueprints/QuestSystem/Quests/04_Quest_Fuel.uasset" 350
"D:/PersonalWork/Source/GameJam/RWSRA/RWSRA/Content/Materials/Dirt_LayerInfo.uasset" 351
"D:/PersonalWork/Source/GameJam/RWSRA/RWSRA/Content/Materials/Oil_LayerInfo.uasset" 352
"D:/PersonalWork/Source/GameJam/RWSRA/RWSRA/Content/Materials/Peaks_LayerInfo.uasset" 353
"D:/PersonalWork/Source/GameJam/RWSRA/RWSRA/Content/Materials/Treaded_LayerInfo.uasset" 354
"D:/PersonalWork/Source/GameJam/RWSRA/RWSRA/Content/TopDownBP/Maps/MainLevel_BuiltData.uasset" 355
"D:/PersonalWork/Source/GameJam/RWSRA/RWSRA/Content/Materials/Crater.uasset" 356
"D:/PersonalWork/Source/GameJam/RWSRA/RWSRA/Content/Materials/mat_block_out.uasset" 357
"D:/PersonalWork/Source/GameJam/RWSRA/RWSRA/Content/Materials/mat_metal.uasset" 358
"D:/PersonalWork/Source/GameJam/RWSRA/RWSRA/Content/Textures/net.uasset" 359
"D:/PersonalWork/Source/GameJam/RWSRA/RWSRA/Content/Materials/mat_net.uasset" 360
"D:/PersonalWork/Source/GameJam/RWSRA/RWSRA/Content/Materials/Terrain_dirt.uasset" 361
"D:/PersonalWork/Source/GameJam/RWSRA/RWSRA/Content/Meshes/metal.uasset" 362
"../../../Engine/Content/Functions/Engine_MaterialFunctions02/SplitComponents.uasset" 363
"../../../Engine/Content/Functions/Engine_MaterialFunctions02/Utility/VectorLength.uasset" 364
"D:/PersonalWork/Source/GameJam/RWSRA/RWSRA/Content/Materials/MF_ConvolveTexture.uasset" 365
"D:/PersonalWork/Source/GameJam/RWSRA/RWSRA/Content/Materials/MF_ExtractDepth.uasset" 366
"D:/PersonalWork/Source/GameJam/RWSRA/RWSRA/Content/Materials/MF_SampleSceneTextureNeighbourUVs.uasset" 367
"D:/PersonalWork/Source/GameJam/RWSRA/RWSRA/Content/Materials/PP_Outliner_M.uasset" 368
"D:/PersonalWork/Source/GameJam/RWSRA/RWSRA/Content/Materials/PP_Outliner_Inst.uasset" 369
"../../../Engine/Content/EngineMaterials/DefaultPhysicalMaterial.uasset" 370
"D:/PersonalWork/Source/GameJam/RWSRA/RWSRA/Content/Meshes/barrel.uasset" 371
"D:/PersonalWork/Source/GameJam/RWSRA/RWSRA/Content/Meshes/barrelLarge.uasset" 372
"D:/PersonalWork/Source/GameJam/RWSRA/RWSRA/Content/Meshes/buildingCorner.uasset" 373
"D:/PersonalWork/Source/GameJam/RWSRA/RWSRA/Content/Meshes/buildingCorridorOpen.uasset" 374
"D:/PersonalWork/Source/GameJam/RWSRA/RWSRA/Content/Meshes/console.uasset" 375
"D:/PersonalWork/Source/GameJam/RWSRA/RWSRA/Content/Meshes/crater.uasset" 376
"D:/PersonalWork/Source/GameJam/RWSRA/RWSRA/Content/Meshes/craterLarge.uasset" 377
"D:/PersonalWork/Source/GameJam/RWSRA/RWSRA/Content/Meshes/frameHighTile.uasset" 378
"D:/PersonalWork/Source/GameJam/RWSRA/RWSRA/Content/Meshes/metalFence.uasset" 379
"D:/PersonalWork/Source/GameJam/RWSRA/RWSRA/Content/Meshes/metalFenceCorner.uasset" 380
"D:/PersonalWork/Source/GameJam/RWSRA/RWSRA/Content/Meshes/metalStructure.uasset" 381
"D:/PersonalWork/Source/GameJam/RWSRA/RWSRA/Content/Meshes/metalStructureBottom.uasset" 382
"D:/PersonalWork/Source/GameJam/RWSRA/RWSRA/Content/Meshes/metalStructureCross.uasset" 383
"D:/PersonalWork/Source/GameJam/RWSRA/RWSRA/Content/Meshes/metalTile.uasset" 384
"D:/PersonalWork/Source/GameJam/RWSRA/RWSRA/Content/Meshes/meteorFullRound.uasset" 385
"D:/PersonalWork/Source/GameJam/RWSRA/RWSRA/Content/Meshes/pipeStandStraightLiner.uasset" 386
"D:/PersonalWork/Source/GameJam/RWSRA/RWSRA/Content/Meshes/pipeStraight.uasset" 387
"D:/PersonalWork/Source/GameJam/RWSRA/RWSRA/Content/Meshes/satelliteDishAntenna.uasset" 388
"D:/PersonalWork/Source/GameJam/RWSRA/RWSRA/Content/Meshes/satelliteDishLarge.uasset" 389
"D:/PersonalWork/Source/GameJam/RWSRA/RWSRA/Content/Meshes/stairsLong.uasset" 390
"D:/PersonalWork/Source/GameJam/RWSRA/RWSRA/Content/Meshes/station.uasset" 391
"D:/PersonalWork/Source/GameJam/RWSRA/RWSRA/Content/Meshes/stationLarge.uasset" 392
"D:/PersonalWork/Source/GameJam/RWSRA/RWSRA/Content/Rocket/_defaultMat.uasset" 393
"D:/PersonalWork/Source/GameJam/RWSRA/RWSRA/Content/Rocket/blueSteel.uasset" 394
"D:/PersonalWork/Source/GameJam/RWSRA/RWSRA/Content/Rocket/customMaterial4.uasset" 395
"D:/PersonalWork/Source/GameJam/RWSRA/RWSRA/Content/Rocket/glass.uasset" 396
"D:/PersonalWork/Source/GameJam/RWSRA/RWSRA/Content/Rocket/lightRed.uasset" 397
"D:/PersonalWork/Source/GameJam/RWSRA/RWSRA/Content/Rocket/tire.uasset" 398
"D:/PersonalWork/Source/GameJam/RWSRA/RWSRA/Content/Rocket/LaunchPad.uasset" 399
"D:/PersonalWork/Source/GameJam/RWSRA/RWSRA/Content/TopDownBP/Maps/MainLevel.umap" 400
"D:/PersonalWork/Source/GameJam/RWSRA/RWSRA/Content/Sounds/ButtonClick.uasset" 401
"D:/PersonalWork/Source/GameJam/RWSRA/RWSRA/Content/Sounds/ButtonClick_Cue.uasset" 402
"../../Plugins/2D/Paper2D/Content/TranslucentUnlitSpriteMaterial.uasset" 403
"D:/PersonalWork/Source/GameJam/RWSRA/RWSRA/Content/UI_Graphics/Textures/glassPanel_cornerTR.uasset" 404
"D:/PersonalWork/Source/GameJam/RWSRA/RWSRA/Content/UI_Graphics/Sprites/glassPanel_cornerTR_Sprite.uasset" 405
"D:/PersonalWork/Source/GameJam/RWSRA/RWSRA/Content/UI_Graphics/Textures/PIXNIO-194061-3800x1900.uasset" 406
"D:/PersonalWork/Source/GameJam/RWSRA/RWSRA/Content/TopDownBP/UI/MainMenu_UI.uasset" 407
"D:/PersonalWork/Source/GameJam/RWSRA/RWSRA/Content/TopDownBP/Maps/MainMenu_Map.umap" 408
"../../../Engine/Content/EngineSky/C_Sky_Cloud_Color.uasset" 409
"../../../Engine/Content/EngineSky/C_Sky_Horizon_Color.uasset" 410
"../../../Engine/Content/EngineSky/C_Sky_Zenith_Color.uasset" 411
"../../../Engine/Content/EngineSky/BP_Sky_Sphere.uasset" 412
"D:/PersonalWork/Source/GameJam/RWSRA/RWSRA/Content/TopDownBP/Blueprints/CustomAnimatedAssets/SplinePath.uasset" 413
"D:/PersonalWork/Source/GameJam/RWSRA/RWSRA/Content/TopDownBP/Blueprints/CustomAnimatedAssets/WorkerBot_BP.uasset" 414
"D:/PersonalWork/Source/GameJam/RWSRA/RWSRA/Content/TopDownBP/Maps/SpaceStation_Map_BuiltData.uasset" 415
"D:/PersonalWork/Source/GameJam/RWSRA/RWSRA/Content/Geometry/SpaceKit/station.uasset" 416
"D:/PersonalWork/Source/GameJam/RWSRA/RWSRA/Content/TopDownBP/Maps/SpaceStation_Map.umap" 417
"D:/PersonalWork/Source/GameJam/RWSRA/RWSRA/Content/TopDownBP/Maps/TopDownExampleMap_BuiltData.uasset" 418
"D:/PersonalWork/Source/GameJam/RWSRA/RWSRA/Content/TopDownBP/Maps/TopDownExampleMap.umap" 419
"../../../Engine/Content/Maps/Entry_BuiltData.uasset" 420
"../../../Engine/Content/Maps/Entry.umap" 421
